* Starting client
* Connecting to master process on port 9394
* Analyzing classpath: 
  - C:\Users\budi.han\Documents\repos\EvoSuite-tutorial\target\classes
  - C:\Users\budi.han\.m2\repository\junit\junit\4.12\junit-4.12.jar
  - C:\Users\budi.han\.m2\repository\org\hamcrest\hamcrest-core\1.3\hamcrest-core-1.3.jar
* Finished analyzing classpath
* Generating tests for class nl.tudelft.evo.Exam
* Test criteria:
  - Line Coverage
  - Branch Coverage
  - Exception
  - Mutation testing (weak)
  - Method-Output Coverage
  - Top-Level Method Coverage
  - No-Exception Top-Level Method Coverage
  - Context Branch Coverage
* Setting up search algorithm for whole suite generation
[MASTER] 18:50:38.562 [pool-2-thread-1] WARN  TestSuiteSerialization - Cannot load tests because file does not exist: C:\Users\budi.han\Documents\repos\EvoSuite-tutorial\.evosuite\evosuite-seeds\nl.tudelft.evo.Exam.seed
* Loaded 0 tests from C:\Users\budi.han\Documents\repos\EvoSuite-tutorial\.evosuite\evosuite-seeds\nl.tudelft.evo.Exam.seed
* Total number of test goals: 
  - Line 14
  - Branch 15
  - Exception 0
  - MutationFactory 87
  - Output 3
  - Method 2
  - MethodNoException 2
  - CBranchFitnessFactory 15
* Using seed 1650041436712
* Starting evolution
* Search finished after 66s and 1464 generations, 355459 statements, best individual has fitness: 2.5
* Writing sequences to pool
* Minimizing test suite
* Going to analyze the coverage criteria
* Coverage analysis for criterion LINE
* Coverage of criterion LINE: 100%
* Total number of goals: 14
* Number of covered goals: 14
* Coverage analysis for criterion BRANCH
* Coverage of criterion BRANCH: 100%
* Total number of goals: 15
* Number of covered goals: 15
* Coverage analysis for criterion EXCEPTION
* Coverage of criterion EXCEPTION: 100%
* Total number of goals: 1
* Number of covered goals: 1
* Coverage analysis for criterion WEAKMUTATION
* Coverage of criterion WEAKMUTATION: 100%
* Total number of goals: 87
* Number of covered goals: 87
* Coverage analysis for criterion OUTPUT
* Coverage of criterion OUTPUT: 33%
* Total number of goals: 3
* Number of covered goals: 1
* Coverage analysis for criterion METHOD
* Coverage of criterion METHOD: 100%
* Total number of goals: 2
* Number of covered goals: 2
* Coverage analysis for criterion METHODNOEXCEPTION
* Coverage of criterion METHODNOEXCEPTION: 100%
* Total number of goals: 2
* Number of covered goals: 2
* Coverage analysis for criterion CBRANCH
* Coverage of criterion CBRANCH: 100%
* Total number of goals: 15
* Number of covered goals: 15
* Generated 12 tests with total length 24
* Resulting test suite's coverage: 92% (average coverage for all fitness functions)
* Generating assertions
* Resulting test suite's mutation score: 84%
* Compiling and checking tests
* Writing JUnit test case 'Exam_ESTest' to C:\Users\budi.han\Documents\repos\EvoSuite-tutorial\.evosuite\tmp_2022_04_15_18_50_34\tests
* Done!

